2025-07-03T11:01:48.606129-0400 | INFO | ['0']
2025-07-03T11:02:43.648904-0400 | INFO | ['0']
2025-07-03T11:02:51.817535-0400 | INFO | ['0']
2025-07-03T11:11:22.740327-0400 | INFO | ['0']
2025-07-03T16:35:55.316015-0400 | INFO | ['0']
2025-07-03T16:36:01.896461-0400 | INFO | ['0']
2025-07-03T16:46:09.125411-0400 | INFO | ['0']
2025-07-03T16:48:39.193707-0400 | INFO | ['0']
2025-07-03T16:50:50.662003-0400 | INFO | ['0']
2025-07-03T16:52:40.193317-0400 | INFO | ['0']
2025-07-03T16:55:21.574487-0400 | INFO | ['0']
2025-07-03T16:56:46.158866-0400 | INFO | ['0']
2025-07-03T16:58:10.096706-0400 | INFO | ['0']
2025-07-03T17:01:36.325279-0400 | INFO | ['0']
2025-07-03T17:05:42.003590-0400 | INFO | ['0']
2025-07-03T17:10:27.913710-0400 | INFO | ['0']
2025-07-03T17:15:02.734555-0400 | INFO | ['0']
2025-07-03T17:16:35.526909-0400 | INFO | ['0']
2025-07-03T17:21:25.428572-0400 | INFO | ['0']
2025-07-03T17:23:17.166369-0400 | INFO | ['0']
2025-07-03T17:24:48.796546-0400 | INFO | ['0']
2025-07-03T17:25:21.871974-0400 | INFO | ['0']
2025-07-03T17:26:44.384260-0400 | INFO | ['0']
2025-07-03T17:28:03.896440-0400 | INFO | ['0']
2025-07-03T17:29:54.357754-0400 | INFO | ['0']
2025-07-03T17:32:21.358959-0400 | INFO | ['0']
2025-07-03T17:34:48.834697-0400 | INFO | ['0']
2025-07-03T17:35:54.546466-0400 | INFO | ['0']
2025-07-03T17:40:05.212990-0400 | INFO | ['0']
2025-07-03T17:41:35.652088-0400 | INFO | ['0']
2025-07-03T17:44:51.721428-0400 | INFO | ['0']
2025-07-03T17:45:46.366671-0400 | INFO | ['0']
2025-07-03T17:48:02.301225-0400 | INFO | ['0']
2025-07-03T21:32:20.414140-0400 | INFO | ['0']
2025-07-03T21:36:07.890865-0400 | INFO | ['0']
2025-07-03T21:39:28.087536-0400 | INFO | ['0']
2025-07-03T21:41:11.321508-0400 | INFO | ['0']
2025-07-03T21:53:12.293461-0400 | INFO | ['0']
2025-07-03T21:56:39.207153-0400 | INFO | ['0']
2025-07-03T21:59:08.567728-0400 | INFO | ['0']
2025-07-03T22:38:48.249123-0400 | INFO | ['0']
2025-07-03T22:53:45.513886-0400 | INFO | ['0']
2025-07-03T23:05:29.611665-0400 | INFO | ['0']
2025-07-03T23:20:54.960676-0400 | INFO | ['0']
2025-07-04T08:14:40.700098-0400 | INFO | ['0']
2025-07-04T08:26:39.694168-0400 | INFO | ['0']
2025-07-04T14:54:28.231968-0400 | INFO | ['0']
2025-07-04T14:57:59.488810-0400 | INFO | ['0']
2025-07-04T16:15:29.314098-0400 | INFO | ['0']
2025-07-05T14:22:28.315385-0400 | INFO | ['0']
2025-07-05T15:33:59.592441-0400 | INFO | ['0']
2025-07-05T15:39:14.676593-0400 | INFO | ['0']
2025-07-05T15:44:31.035166-0400 | INFO | ['0']
2025-07-05T15:51:52.968988-0400 | INFO | ['0']
2025-07-05T16:01:46.172129-0400 | INFO | ['0']
2025-07-05T16:08:31.813540-0400 | INFO | ['0']
2025-07-05T16:19:41.490897-0400 | INFO | ['0']
2025-07-05T16:24:25.221193-0400 | INFO | ['0']
2025-07-05T16:34:53.681362-0400 | INFO | ['0']
2025-07-05T16:42:53.304356-0400 | INFO | ['0']
2025-07-05T16:46:53.088204-0400 | INFO | ['0']
2025-07-06T08:29:24.975733-0400 | INFO | ['0']
2025-07-06T10:27:55.266582-0400 | INFO | ['0']
2025-07-06T10:32:34.320494-0400 | INFO | ['0']
2025-07-06T10:36:30.328030-0400 | INFO | ['0']
2025-07-06T10:41:58.353529-0400 | INFO | ['0']
2025-07-06T10:47:59.405255-0400 | INFO | ['0']
2025-07-06T10:52:01.809004-0400 | INFO | ['0']
2025-07-06T10:56:19.096076-0400 | INFO | ['0']
2025-07-06T10:59:43.062956-0400 | INFO | ['0']
2025-07-06T11:12:29.282801-0400 | INFO | ['0']
2025-07-06T11:17:40.969147-0400 | INFO | ['0']
2025-07-06T11:42:16.268373-0400 | INFO | ['0']
2025-07-08T07:14:21.220241-0400 | INFO | ['0']
2025-07-08T07:25:23.166620-0400 | INFO | ['0']
2025-07-08T07:25:37.398653-0400 | INFO | ['0']
2025-07-08T07:32:56.103628-0400 | INFO | ['0']
2025-07-08T07:35:19.009926-0400 | INFO | ['0']
2025-07-08T07:51:15.577589-0400 | INFO | ['0']
2025-07-08T08:05:04.914668-0400 | INFO | {
  "gsplat": {
    "0": {
      "sparse_from_colmap": {
        "__files__": [
          "points3D.ply",
          "images.txt",
          "cameras.txt",
          "points3D.txt"
        ]
      },
      "after_transform": {
        "__files__": [
          "points3D.bin",
          "points3D.ply",
          "images.txt",
          "cameras.bin",
          "images.bin",
          "cameras.txt",
          "points3D.txt"
        ]
      },
      "point_cloud": {
        "iteration_15000": {
          "__files__": [
            "point_cloud.splat",
            "point_cloud.ply"
          ]
        }
      },
      "__files__": [
        "input.ply",
        "exposure.json",
        "cfg_args",
        "cameras.json"
      ]
    }
  },
  "colmap": {
    "0": {
      "0_before_center": {
        "__files__": [
          "points3D.bin",
          "points3D.ply",
          "cameras.bin",
          "images.bin"
        ]
      },
      "sparse": {
        "__files__": [
          "points3D.bin",
          "points3D.ply",
          "images.txt",
          "cameras.bin",
          "images.bin",
          "points3D-before.txt",
          "points3D_with_normals.ply",
          "cameras.txt",
          "points3D.txt",
          "point_cloud.ply"
        ]
      },
      "masks": {},
      "0_before_filter": {
        "__files__": [
          "points3D.bin",
          "points3D.ply",
          "cameras.bin",
          "images.bin",
          "project.ini"
        ]
      },
      "images": {
        "__files__": [
          "1702524921328098.jpg",
          "1702524984169237.jpg",
          "1702525088985925.jpg",
          "1702525043572203.jpg",
          "1702525140640676.jpg",
          "1702525071091979.jpg",
          "1702525177289063.jpg",
          "1702524988234591.jpg",
          "1702524911752211.jpg",
          "1702525082676923.jpg",
          "1702525164842933.jpg",
          "1702524878379820.jpg",
          "1702525049641602.jpg",
          "1702525153856729.jpg",
          "1702525114936244.jpg",
          "1702525116438796.jpg",
          "1702524938514953.jpg",
          "1702525158971910.jpg",
          "1702525170116792.jpg",
          "1702525166138091.jpg",
          "1702525030451120.jpg",
          "1702525174949857.jpg",
          "1702525023107169.jpg",
          "1702524925670457.jpg",
          "1702525117205129.jpg",
          "1702525134292359.jpg",
          "1702524966883045.jpg",
          "1702525139864814.jpg",
          "1702525133037762.jpg",
          "1702525141241504.jpg",
          "1702525075511246.jpg",
          "1702525143812660.jpg",
          "1702524979822678.jpg",
          "1702524975827064.jpg",
          "1702525064085369.jpg",
          "1702525066467310.jpg",
          "1702525083443125.jpg",
          "1702524956374333.jpg",
          "1702524981765374.jpg",
          "1702524898869482.jpg",
          "1702524835000058.jpg",
          "1702524906784254.jpg",
          "1702525034961927.jpg",
          "1702525069673888.jpg",
          "1702525163187320.jpg",
          "1702524845652044.jpg",
          "1702525092679142.jpg",
          "1702525104615739.jpg",
          "1702525174136709.jpg",
          "1702524879431448.jpg",
          "1702524872892936.jpg",
          "1702524832863747.jpg",
          "1702525048442626.jpg",
          "1702525070427906.jpg",
          "1702524861629298.jpg",
          "1702524949314587.jpg",
          "1702524895669225.jpg",
          "1702525006052060.jpg",
          "1702525111722629.jpg",
          "1702525047561102.jpg",
          "1702524841133427.jpg",
          "1702525152188088.jpg",
          "1702524871833379.jpg",
          "1702525017890489.jpg",
          "1702525061550180.jpg",
          "1702524902578601.jpg",
          "1702525020347633.jpg",
          "1702525172612036.jpg",
          "1702524971489950.jpg",
          "1702524843375924.jpg",
          "1702525162431992.jpg",
          "1702524877174742.jpg",
          "1702524999389347.jpg",
          "1702525151062605.jpg",
          "1702525161672025.jpg",
          "1702524880770661.jpg",
          "1702524858959519.jpg",
          "1702525154758636.jpg",
          "1702524908211545.jpg",
          "1702525079013188.jpg",
          "1702525167628260.jpg",
          "1702525141998355.jpg",
          "1702525118780496.jpg",
          "1702525058270856.jpg",
          "1702525085710567.jpg",
          "1702524883854359.jpg",
          "1702525026556796.jpg",
          "1702524892125816.jpg",
          "1702525131720250.jpg",
          "1702525170869660.jpg",
          "1702525096002148.jpg",
          "1702525147529519.jpg",
          "1702525136858091.jpg",
          "1702525115682972.jpg",
          "1702525171877921.jpg",
          "1702525013029430.jpg",
          "1702524910182000.jpg",
          "1702524935383950.jpg",
          "1702525168406890.jpg",
          "1702524864264423.jpg",
          "1702524963010208.jpg",
          "1702524953501584.jpg",
          "1702524982526759.jpg",
          "1702525152956874.jpg",
          "1702525039559684.jpg",
          "1702525040260216.jpg",
          "1702524882315724.jpg",
          "1702525003663280.jpg",
          "1702525139128501.jpg",
          "1702524991093988.jpg",
          "1702525028580010.jpg",
          "1702525024521791.jpg",
          "1702524867940104.jpg",
          "1702524990363892.jpg",
          "1702525046826546.jpg",
          "1702525037624263.jpg",
          "1702524944758484.jpg",
          "1702524893732318.jpg",
          "1702525063185536.jpg",
          "1702525009447152.jpg",
          "1702525135436609.jpg",
          "1702525008394592.jpg",
          "1702525084211339.jpg",
          "1702525044329589.jpg",
          "1702525081940311.jpg",
          "1702525089751857.jpg",
          "1702524875738137.jpg",
          "1702525079897207.jpg",
          "1702524890566628.jpg",
          "1702524995009376.jpg",
          "1702525133666031.jpg",
          "1702525045067330.jpg",
          "1702524933948551.jpg",
          "1702525045824411.jpg",
          "1702524946291529.jpg",
          "1702525005324133.jpg",
          "1702525112668405.jpg",
          "1702525002406752.jpg",
          "1702525123403880.jpg",
          "1702525142783773.jpg",
          "1702524885498381.jpg",
          "1702525029347055.jpg",
          "1702525001560952.jpg",
          "1702525160089862.jpg",
          "1702525012287552.jpg",
          "1702524851051051.jpg",
          "1702524918931059.jpg",
          "1702524826759783.jpg",
          "1702524989236865.jpg",
          "1702524992838779.jpg",
          "1702525118005505.jpg",
          "1702524928040004.jpg",
          "1702525173369324.jpg",
          "1702524958232328.jpg",
          "1702524950190132.jpg",
          "1702525042073770.jpg",
          "1702525011158754.jpg",
          "1702525077171901.jpg",
          "1702525071831565.jpg",
          "1702525127336966.jpg",
          "1702525128050315.jpg",
          "1702524941120677.jpg",
          "1702525053749688.jpg",
          "1702525036897353.jpg",
          "1702525081177660.jpg",
          "1702525130832416.jpg",
          "1702524923606358.jpg",
          "1702525084967414.jpg",
          "1702525014863021.jpg",
          "1702524823859849.jpg",
          "1702524997623102.jpg",
          "1702525014131453.jpg",
          "1702524914452762.jpg",
          "1702524939719699.jpg",
          "1702525134834935.jpg",
          "1702525138361516.jpg",
          "1702525015622643.jpg",
          "1702525027817380.jpg",
          "1702525060630770.jpg",
          "1702525042819383.jpg",
          "1702525010294376.jpg",
          "1702525025266547.jpg",
          "1702525038625201.jpg",
          "1702524830494399.jpg",
          "1702524948566158.jpg",
          "1702524837334921.jpg",
          "1702525087320884.jpg",
          "1702525113411138.jpg",
          "1702525021905388.jpg",
          "1702524848346860.jpg",
          "1702525065161697.jpg",
          "1702525033184758.jpg",
          "1702525099337943.jpg",
          "1702525166873807.jpg",
          "1702525145413842.jpg",
          "1702525017132189.jpg",
          "1702525110153501.jpg",
          "1702524942492807.jpg",
          "1702525091619326.jpg",
          "1702524828764007.jpg",
          "1702525130073158.jpg",
          "1702525136103670.jpg",
          "1702524993897005.jpg",
          "1702525021137681.jpg",
          "1702525035722305.jpg",
          "1702525157474594.jpg",
          "1702524874439538.jpg",
          "1702524978993037.jpg",
          "1702524987508148.jpg",
          "1702524992002960.jpg",
          "1702524887083894.jpg",
          "1702525016366402.jpg",
          "1702525090851735.jpg",
          "1702525088249103.jpg",
          "1702525155828493.jpg",
          "1702525114178362.jpg",
          "1702525102356667.jpg",
          "1702525101508414.jpg",
          "1702525032423879.jpg",
          "1702524951329070.jpg",
          "1702525103122640.jpg",
          "1702524954972561.jpg",
          "1702524853694215.jpg",
          "1702524897199435.jpg",
          "1702525137598743.jpg",
          "1702525007667653.jpg",
          "1702525057154173.jpg"
        ]
      },
      "0": {
        "__files__": [
          "points3D.bin",
          "points3D.ply",
          "images.txt",
          "cameras.bin",
          "images.bin",
          "points3D-before.txt",
          "points3D_with_normals.ply",
          "cameras.txt",
          "points3D.txt",
          "point_cloud.ply"
        ]
      },
      "__files__": [
        "db.db"
      ]
    }
  },
  "images": {
    "__files__": [
      "1702524921328098.jpg",
      "1702524984169237.jpg",
      "1702525088985925.jpg",
      "1702525043572203.jpg",
      "1702525140640676.jpg",
      "1702525071091979.jpg",
      "1702525177289063.jpg",
      "1702524988234591.jpg",
      "1702524911752211.jpg",
      "1702525082676923.jpg",
      "1702525164842933.jpg",
      "1702524878379820.jpg",
      "1702525049641602.jpg",
      "1702525153856729.jpg",
      "1702525114936244.jpg",
      "1702525116438796.jpg",
      "1702524938514953.jpg",
      "1702525158971910.jpg",
      "1702525170116792.jpg",
      "1702525166138091.jpg",
      "1702525030451120.jpg",
      "1702525174949857.jpg",
      "1702525023107169.jpg",
      "1702524925670457.jpg",
      "1702525117205129.jpg",
      "1702525134292359.jpg",
      "1702524966883045.jpg",
      "1702525139864814.jpg",
      "1702525133037762.jpg",
      "1702525141241504.jpg",
      "1702525075511246.jpg",
      "1702525143812660.jpg",
      "1702524979822678.jpg",
      "1702524975827064.jpg",
      "1702525064085369.jpg",
      "1702525066467310.jpg",
      "1702525083443125.jpg",
      "1702524956374333.jpg",
      "1702524981765374.jpg",
      "1702524898869482.jpg",
      "1702524835000058.jpg",
      "1702524906784254.jpg",
      "1702525034961927.jpg",
      "1702525069673888.jpg",
      "1702525163187320.jpg",
      "1702524845652044.jpg",
      "1702525092679142.jpg",
      "1702525104615739.jpg",
      "1702525174136709.jpg",
      "1702524879431448.jpg",
      "1702524872892936.jpg",
      "1702524832863747.jpg",
      "1702525048442626.jpg",
      "1702525070427906.jpg",
      "1702524861629298.jpg",
      "1702524949314587.jpg",
      "1702524895669225.jpg",
      "1702525006052060.jpg",
      "1702525111722629.jpg",
      "1702525047561102.jpg",
      "1702524841133427.jpg",
      "1702525152188088.jpg",
      "1702524871833379.jpg",
      "1702525017890489.jpg",
      "1702525061550180.jpg",
      "1702524902578601.jpg",
      "1702525020347633.jpg",
      "1702525172612036.jpg",
      "1702524971489950.jpg",
      "1702524843375924.jpg",
      "1702525162431992.jpg",
      "1702524877174742.jpg",
      "1702524999389347.jpg",
      "1702525151062605.jpg",
      "1702525161672025.jpg",
      "1702524880770661.jpg",
      "1702524858959519.jpg",
      "1702525154758636.jpg",
      "1702524908211545.jpg",
      "1702525079013188.jpg",
      "1702525167628260.jpg",
      "1702525141998355.jpg",
      "1702525118780496.jpg",
      "1702525058270856.jpg",
      "1702525085710567.jpg",
      "1702524883854359.jpg",
      "1702525026556796.jpg",
      "1702524892125816.jpg",
      "1702525131720250.jpg",
      "1702525170869660.jpg",
      "1702525096002148.jpg",
      "1702525147529519.jpg",
      "1702525136858091.jpg",
      "1702525115682972.jpg",
      "1702525171877921.jpg",
      "1702525013029430.jpg",
      "1702524910182000.jpg",
      "1702524935383950.jpg",
      "1702525168406890.jpg",
      "1702524864264423.jpg",
      "1702524963010208.jpg",
      "1702524953501584.jpg",
      "1702524982526759.jpg",
      "1702525152956874.jpg",
      "1702525039559684.jpg",
      "1702525040260216.jpg",
      "1702524882315724.jpg",
      "1702525003663280.jpg",
      "1702525139128501.jpg",
      "1702524991093988.jpg",
      "1702525028580010.jpg",
      "1702525024521791.jpg",
      "1702524867940104.jpg",
      "1702524990363892.jpg",
      "1702525046826546.jpg",
      "1702525037624263.jpg",
      "1702524944758484.jpg",
      "1702524893732318.jpg",
      "1702525063185536.jpg",
      "1702525009447152.jpg",
      "1702525135436609.jpg",
      "1702525008394592.jpg",
      "1702525084211339.jpg",
      "1702525044329589.jpg",
      "1702525081940311.jpg",
      "1702525089751857.jpg",
      "1702524875738137.jpg",
      "1702525079897207.jpg",
      "1702524890566628.jpg",
      "1702524995009376.jpg",
      "1702525133666031.jpg",
      "1702525045067330.jpg",
      "1702524933948551.jpg",
      "1702525045824411.jpg",
      "1702524946291529.jpg",
      "1702525005324133.jpg",
      "1702525112668405.jpg",
      "1702525002406752.jpg",
      "1702525123403880.jpg",
      "1702525142783773.jpg",
      "1702524885498381.jpg",
      "1702525029347055.jpg",
      "1702525001560952.jpg",
      "1702525160089862.jpg",
      "1702525012287552.jpg",
      "1702524851051051.jpg",
      "1702524918931059.jpg",
      "1702524826759783.jpg",
      "1702524989236865.jpg",
      "1702524992838779.jpg",
      "1702525118005505.jpg",
      "1702524928040004.jpg",
      "1702525173369324.jpg",
      "1702524958232328.jpg",
      "1702524950190132.jpg",
      "1702525042073770.jpg",
      "1702525011158754.jpg",
      "1702525077171901.jpg",
      "1702525071831565.jpg",
      "1702525127336966.jpg",
      "1702525128050315.jpg",
      "1702524941120677.jpg",
      "1702525053749688.jpg",
      "1702525036897353.jpg",
      "1702525081177660.jpg",
      "1702525130832416.jpg",
      "1702524923606358.jpg",
      "1702525084967414.jpg",
      "1702525014863021.jpg",
      "1702524823859849.jpg",
      "1702524997623102.jpg",
      "1702525014131453.jpg",
      "1702524914452762.jpg",
      "1702524939719699.jpg",
      "1702525134834935.jpg",
      "1702525138361516.jpg",
      "1702525015622643.jpg",
      "1702525027817380.jpg",
      "1702525060630770.jpg",
      "1702525042819383.jpg",
      "1702525010294376.jpg",
      "1702525025266547.jpg",
      "1702525038625201.jpg",
      "1702524830494399.jpg",
      "1702524948566158.jpg",
      "1702524837334921.jpg",
      "1702525087320884.jpg",
      "1702525113411138.jpg",
      "1702525021905388.jpg",
      "1702524848346860.jpg",
      "1702525065161697.jpg",
      "1702525033184758.jpg",
      "1702525099337943.jpg",
      "1702525166873807.jpg",
      "1702525145413842.jpg",
      "1702525017132189.jpg",
      "1702525110153501.jpg",
      "1702524942492807.jpg",
      "1702525091619326.jpg",
      "1702524828764007.jpg",
      "1702525130073158.jpg",
      "1702525136103670.jpg",
      "1702524993897005.jpg",
      "1702525021137681.jpg",
      "1702525035722305.jpg",
      "1702525157474594.jpg",
      "1702524874439538.jpg",
      "1702524978993037.jpg",
      "1702524987508148.jpg",
      "1702524992002960.jpg",
      "1702524887083894.jpg",
      "1702525016366402.jpg",
      "1702525090851735.jpg",
      "1702525088249103.jpg",
      "1702525155828493.jpg",
      "1702525114178362.jpg",
      "1702525102356667.jpg",
      "1702525101508414.jpg",
      "1702525032423879.jpg",
      "1702524951329070.jpg",
      "1702525103122640.jpg",
      "1702524954972561.jpg",
      "1702524853694215.jpg",
      "1702524897199435.jpg",
      "1702525137598743.jpg",
      "1702525007667653.jpg",
      "1702525057154173.jpg"
    ]
  },
  "sources": {
    "__files__": [
      "Dec13at10-33PM-HanumanClose-poly-20250703T115334Z-1-001.zip",
      "hunaman.md"
    ]
  }
}
2025-07-08T08:05:04.915880-0400 | INFO | ['0']
2025-07-08T08:20:11.109680-0400 | INFO | {
  "gsplat": {
    "0": {
      "sparse_from_colmap": {
        "__files__": [
          "points3D.ply",
          "images.txt",
          "cameras.txt",
          "points3D.txt"
        ]
      },
      "after_transform": {
        "__files__": [
          "points3D.bin",
          "points3D.ply",
          "images.txt",
          "cameras.bin",
          "images.bin",
          "cameras.txt",
          "points3D.txt"
        ]
      },
      "point_cloud": {
        "iteration_15000": {
          "__files__": [
            "point_cloud.splat",
            "point_cloud.ply"
          ]
        }
      },
      "__files__": [
        "input.ply",
        "exposure.json",
        "cfg_args",
        "cameras.json"
      ]
    }
  },
  "colmap": {
    "0": {
      "0_before_center": {
        "__files__": [
          "points3D.bin",
          "points3D.ply",
          "cameras.bin",
          "images.bin"
        ]
      },
      "sparse": {
        "__files__": [
          "points3D.bin",
          "points3D.ply",
          "images.txt",
          "cameras.bin",
          "images.bin",
          "points3D-before.txt",
          "points3D_with_normals.ply",
          "cameras.txt",
          "points3D.txt",
          "point_cloud.ply"
        ]
      },
      "masks": {},
      "0_before_filter": {
        "__files__": [
          "points3D.bin",
          "points3D.ply",
          "cameras.bin",
          "images.bin",
          "project.ini"
        ]
      },
      "images": {
        "__files__": [
          "1702524921328098.jpg",
          "1702524984169237.jpg",
          "1702525088985925.jpg",
          "1702525043572203.jpg",
          "1702525140640676.jpg",
          "1702525071091979.jpg",
          "1702525177289063.jpg",
          "1702524988234591.jpg",
          "1702524911752211.jpg",
          "1702525082676923.jpg",
          "1702525164842933.jpg",
          "1702524878379820.jpg",
          "1702525049641602.jpg",
          "1702525153856729.jpg",
          "1702525114936244.jpg",
          "1702525116438796.jpg",
          "1702524938514953.jpg",
          "1702525158971910.jpg",
          "1702525170116792.jpg",
          "1702525166138091.jpg",
          "1702525030451120.jpg",
          "1702525174949857.jpg",
          "1702525023107169.jpg",
          "1702524925670457.jpg",
          "1702525117205129.jpg",
          "1702525134292359.jpg",
          "1702524966883045.jpg",
          "1702525139864814.jpg",
          "1702525133037762.jpg",
          "1702525141241504.jpg",
          "1702525075511246.jpg",
          "1702525143812660.jpg",
          "1702524979822678.jpg",
          "1702524975827064.jpg",
          "1702525064085369.jpg",
          "1702525066467310.jpg",
          "1702525083443125.jpg",
          "1702524956374333.jpg",
          "1702524981765374.jpg",
          "1702524898869482.jpg",
          "1702524835000058.jpg",
          "1702524906784254.jpg",
          "1702525034961927.jpg",
          "1702525069673888.jpg",
          "1702525163187320.jpg",
          "1702524845652044.jpg",
          "1702525092679142.jpg",
          "1702525104615739.jpg",
          "1702525174136709.jpg",
          "1702524879431448.jpg",
          "1702524872892936.jpg",
          "1702524832863747.jpg",
          "1702525048442626.jpg",
          "1702525070427906.jpg",
          "1702524861629298.jpg",
          "1702524949314587.jpg",
          "1702524895669225.jpg",
          "1702525006052060.jpg",
          "1702525111722629.jpg",
          "1702525047561102.jpg",
          "1702524841133427.jpg",
          "1702525152188088.jpg",
          "1702524871833379.jpg",
          "1702525017890489.jpg",
          "1702525061550180.jpg",
          "1702524902578601.jpg",
          "1702525020347633.jpg",
          "1702525172612036.jpg",
          "1702524971489950.jpg",
          "1702524843375924.jpg",
          "1702525162431992.jpg",
          "1702524877174742.jpg",
          "1702524999389347.jpg",
          "1702525151062605.jpg",
          "1702525161672025.jpg",
          "1702524880770661.jpg",
          "1702524858959519.jpg",
          "1702525154758636.jpg",
          "1702524908211545.jpg",
          "1702525079013188.jpg",
          "1702525167628260.jpg",
          "1702525141998355.jpg",
          "1702525118780496.jpg",
          "1702525058270856.jpg",
          "1702525085710567.jpg",
          "1702524883854359.jpg",
          "1702525026556796.jpg",
          "1702524892125816.jpg",
          "1702525131720250.jpg",
          "1702525170869660.jpg",
          "1702525096002148.jpg",
          "1702525147529519.jpg",
          "1702525136858091.jpg",
          "1702525115682972.jpg",
          "1702525171877921.jpg",
          "1702525013029430.jpg",
          "1702524910182000.jpg",
          "1702524935383950.jpg",
          "1702525168406890.jpg",
          "1702524864264423.jpg",
          "1702524963010208.jpg",
          "1702524953501584.jpg",
          "1702524982526759.jpg",
          "1702525152956874.jpg",
          "1702525039559684.jpg",
          "1702525040260216.jpg",
          "1702524882315724.jpg",
          "1702525003663280.jpg",
          "1702525139128501.jpg",
          "1702524991093988.jpg",
          "1702525028580010.jpg",
          "1702525024521791.jpg",
          "1702524867940104.jpg",
          "1702524990363892.jpg",
          "1702525046826546.jpg",
          "1702525037624263.jpg",
          "1702524944758484.jpg",
          "1702524893732318.jpg",
          "1702525063185536.jpg",
          "1702525009447152.jpg",
          "1702525135436609.jpg",
          "1702525008394592.jpg",
          "1702525084211339.jpg",
          "1702525044329589.jpg",
          "1702525081940311.jpg",
          "1702525089751857.jpg",
          "1702524875738137.jpg",
          "1702525079897207.jpg",
          "1702524890566628.jpg",
          "1702524995009376.jpg",
          "1702525133666031.jpg",
          "1702525045067330.jpg",
          "1702524933948551.jpg",
          "1702525045824411.jpg",
          "1702524946291529.jpg",
          "1702525005324133.jpg",
          "1702525112668405.jpg",
          "1702525002406752.jpg",
          "1702525123403880.jpg",
          "1702525142783773.jpg",
          "1702524885498381.jpg",
          "1702525029347055.jpg",
          "1702525001560952.jpg",
          "1702525160089862.jpg",
          "1702525012287552.jpg",
          "1702524851051051.jpg",
          "1702524918931059.jpg",
          "1702524826759783.jpg",
          "1702524989236865.jpg",
          "1702524992838779.jpg",
          "1702525118005505.jpg",
          "1702524928040004.jpg",
          "1702525173369324.jpg",
          "1702524958232328.jpg",
          "1702524950190132.jpg",
          "1702525042073770.jpg",
          "1702525011158754.jpg",
          "1702525077171901.jpg",
          "1702525071831565.jpg",
          "1702525127336966.jpg",
          "1702525128050315.jpg",
          "1702524941120677.jpg",
          "1702525053749688.jpg",
          "1702525036897353.jpg",
          "1702525081177660.jpg",
          "1702525130832416.jpg",
          "1702524923606358.jpg",
          "1702525084967414.jpg",
          "1702525014863021.jpg",
          "1702524823859849.jpg",
          "1702524997623102.jpg",
          "1702525014131453.jpg",
          "1702524914452762.jpg",
          "1702524939719699.jpg",
          "1702525134834935.jpg",
          "1702525138361516.jpg",
          "1702525015622643.jpg",
          "1702525027817380.jpg",
          "1702525060630770.jpg",
          "1702525042819383.jpg",
          "1702525010294376.jpg",
          "1702525025266547.jpg",
          "1702525038625201.jpg",
          "1702524830494399.jpg",
          "1702524948566158.jpg",
          "1702524837334921.jpg",
          "1702525087320884.jpg",
          "1702525113411138.jpg",
          "1702525021905388.jpg",
          "1702524848346860.jpg",
          "1702525065161697.jpg",
          "1702525033184758.jpg",
          "1702525099337943.jpg",
          "1702525166873807.jpg",
          "1702525145413842.jpg",
          "1702525017132189.jpg",
          "1702525110153501.jpg",
          "1702524942492807.jpg",
          "1702525091619326.jpg",
          "1702524828764007.jpg",
          "1702525130073158.jpg",
          "1702525136103670.jpg",
          "1702524993897005.jpg",
          "1702525021137681.jpg",
          "1702525035722305.jpg",
          "1702525157474594.jpg",
          "1702524874439538.jpg",
          "1702524978993037.jpg",
          "1702524987508148.jpg",
          "1702524992002960.jpg",
          "1702524887083894.jpg",
          "1702525016366402.jpg",
          "1702525090851735.jpg",
          "1702525088249103.jpg",
          "1702525155828493.jpg",
          "1702525114178362.jpg",
          "1702525102356667.jpg",
          "1702525101508414.jpg",
          "1702525032423879.jpg",
          "1702524951329070.jpg",
          "1702525103122640.jpg",
          "1702524954972561.jpg",
          "1702524853694215.jpg",
          "1702524897199435.jpg",
          "1702525137598743.jpg",
          "1702525007667653.jpg",
          "1702525057154173.jpg"
        ]
      },
      "0": {
        "__files__": [
          "points3D.bin",
          "points3D.ply",
          "images.txt",
          "cameras.bin",
          "images.bin",
          "points3D-before.txt",
          "points3D_with_normals.ply",
          "cameras.txt",
          "points3D.txt",
          "point_cloud.ply"
        ]
      },
      "__files__": [
        "db.db"
      ]
    }
  },
  "images": {
    "__files__": [
      "1702524921328098.jpg",
      "1702524984169237.jpg",
      "1702525088985925.jpg",
      "1702525043572203.jpg",
      "1702525140640676.jpg",
      "1702525071091979.jpg",
      "1702525177289063.jpg",
      "1702524988234591.jpg",
      "1702524911752211.jpg",
      "1702525082676923.jpg",
      "1702525164842933.jpg",
      "1702524878379820.jpg",
      "1702525049641602.jpg",
      "1702525153856729.jpg",
      "1702525114936244.jpg",
      "1702525116438796.jpg",
      "1702524938514953.jpg",
      "1702525158971910.jpg",
      "1702525170116792.jpg",
      "1702525166138091.jpg",
      "1702525030451120.jpg",
      "1702525174949857.jpg",
      "1702525023107169.jpg",
      "1702524925670457.jpg",
      "1702525117205129.jpg",
      "1702525134292359.jpg",
      "1702524966883045.jpg",
      "1702525139864814.jpg",
      "1702525133037762.jpg",
      "1702525141241504.jpg",
      "1702525075511246.jpg",
      "1702525143812660.jpg",
      "1702524979822678.jpg",
      "1702524975827064.jpg",
      "1702525064085369.jpg",
      "1702525066467310.jpg",
      "1702525083443125.jpg",
      "1702524956374333.jpg",
      "1702524981765374.jpg",
      "1702524898869482.jpg",
      "1702524835000058.jpg",
      "1702524906784254.jpg",
      "1702525034961927.jpg",
      "1702525069673888.jpg",
      "1702525163187320.jpg",
      "1702524845652044.jpg",
      "1702525092679142.jpg",
      "1702525104615739.jpg",
      "1702525174136709.jpg",
      "1702524879431448.jpg",
      "1702524872892936.jpg",
      "1702524832863747.jpg",
      "1702525048442626.jpg",
      "1702525070427906.jpg",
      "1702524861629298.jpg",
      "1702524949314587.jpg",
      "1702524895669225.jpg",
      "1702525006052060.jpg",
      "1702525111722629.jpg",
      "1702525047561102.jpg",
      "1702524841133427.jpg",
      "1702525152188088.jpg",
      "1702524871833379.jpg",
      "1702525017890489.jpg",
      "1702525061550180.jpg",
      "1702524902578601.jpg",
      "1702525020347633.jpg",
      "1702525172612036.jpg",
      "1702524971489950.jpg",
      "1702524843375924.jpg",
      "1702525162431992.jpg",
      "1702524877174742.jpg",
      "1702524999389347.jpg",
      "1702525151062605.jpg",
      "1702525161672025.jpg",
      "1702524880770661.jpg",
      "1702524858959519.jpg",
      "1702525154758636.jpg",
      "1702524908211545.jpg",
      "1702525079013188.jpg",
      "1702525167628260.jpg",
      "1702525141998355.jpg",
      "1702525118780496.jpg",
      "1702525058270856.jpg",
      "1702525085710567.jpg",
      "1702524883854359.jpg",
      "1702525026556796.jpg",
      "1702524892125816.jpg",
      "1702525131720250.jpg",
      "1702525170869660.jpg",
      "1702525096002148.jpg",
      "1702525147529519.jpg",
      "1702525136858091.jpg",
      "1702525115682972.jpg",
      "1702525171877921.jpg",
      "1702525013029430.jpg",
      "1702524910182000.jpg",
      "1702524935383950.jpg",
      "1702525168406890.jpg",
      "1702524864264423.jpg",
      "1702524963010208.jpg",
      "1702524953501584.jpg",
      "1702524982526759.jpg",
      "1702525152956874.jpg",
      "1702525039559684.jpg",
      "1702525040260216.jpg",
      "1702524882315724.jpg",
      "1702525003663280.jpg",
      "1702525139128501.jpg",
      "1702524991093988.jpg",
      "1702525028580010.jpg",
      "1702525024521791.jpg",
      "1702524867940104.jpg",
      "1702524990363892.jpg",
      "1702525046826546.jpg",
      "1702525037624263.jpg",
      "1702524944758484.jpg",
      "1702524893732318.jpg",
      "1702525063185536.jpg",
      "1702525009447152.jpg",
      "1702525135436609.jpg",
      "1702525008394592.jpg",
      "1702525084211339.jpg",
      "1702525044329589.jpg",
      "1702525081940311.jpg",
      "1702525089751857.jpg",
      "1702524875738137.jpg",
      "1702525079897207.jpg",
      "1702524890566628.jpg",
      "1702524995009376.jpg",
      "1702525133666031.jpg",
      "1702525045067330.jpg",
      "1702524933948551.jpg",
      "1702525045824411.jpg",
      "1702524946291529.jpg",
      "1702525005324133.jpg",
      "1702525112668405.jpg",
      "1702525002406752.jpg",
      "1702525123403880.jpg",
      "1702525142783773.jpg",
      "1702524885498381.jpg",
      "1702525029347055.jpg",
      "1702525001560952.jpg",
      "1702525160089862.jpg",
      "1702525012287552.jpg",
      "1702524851051051.jpg",
      "1702524918931059.jpg",
      "1702524826759783.jpg",
      "1702524989236865.jpg",
      "1702524992838779.jpg",
      "1702525118005505.jpg",
      "1702524928040004.jpg",
      "1702525173369324.jpg",
      "1702524958232328.jpg",
      "1702524950190132.jpg",
      "1702525042073770.jpg",
      "1702525011158754.jpg",
      "1702525077171901.jpg",
      "1702525071831565.jpg",
      "1702525127336966.jpg",
      "1702525128050315.jpg",
      "1702524941120677.jpg",
      "1702525053749688.jpg",
      "1702525036897353.jpg",
      "1702525081177660.jpg",
      "1702525130832416.jpg",
      "1702524923606358.jpg",
      "1702525084967414.jpg",
      "1702525014863021.jpg",
      "1702524823859849.jpg",
      "1702524997623102.jpg",
      "1702525014131453.jpg",
      "1702524914452762.jpg",
      "1702524939719699.jpg",
      "1702525134834935.jpg",
      "1702525138361516.jpg",
      "1702525015622643.jpg",
      "1702525027817380.jpg",
      "1702525060630770.jpg",
      "1702525042819383.jpg",
      "1702525010294376.jpg",
      "1702525025266547.jpg",
      "1702525038625201.jpg",
      "1702524830494399.jpg",
      "1702524948566158.jpg",
      "1702524837334921.jpg",
      "1702525087320884.jpg",
      "1702525113411138.jpg",
      "1702525021905388.jpg",
      "1702524848346860.jpg",
      "1702525065161697.jpg",
      "1702525033184758.jpg",
      "1702525099337943.jpg",
      "1702525166873807.jpg",
      "1702525145413842.jpg",
      "1702525017132189.jpg",
      "1702525110153501.jpg",
      "1702524942492807.jpg",
      "1702525091619326.jpg",
      "1702524828764007.jpg",
      "1702525130073158.jpg",
      "1702525136103670.jpg",
      "1702524993897005.jpg",
      "1702525021137681.jpg",
      "1702525035722305.jpg",
      "1702525157474594.jpg",
      "1702524874439538.jpg",
      "1702524978993037.jpg",
      "1702524987508148.jpg",
      "1702524992002960.jpg",
      "1702524887083894.jpg",
      "1702525016366402.jpg",
      "1702525090851735.jpg",
      "1702525088249103.jpg",
      "1702525155828493.jpg",
      "1702525114178362.jpg",
      "1702525102356667.jpg",
      "1702525101508414.jpg",
      "1702525032423879.jpg",
      "1702524951329070.jpg",
      "1702525103122640.jpg",
      "1702524954972561.jpg",
      "1702524853694215.jpg",
      "1702524897199435.jpg",
      "1702525137598743.jpg",
      "1702525007667653.jpg",
      "1702525057154173.jpg"
    ]
  },
  "sources": {
    "__files__": [
      "Dec13at10-33PM-HanumanClose-poly-20250703T115334Z-1-001.zip",
      "hunaman.md"
    ]
  }
}
2025-07-08T08:20:11.111317-0400 | INFO | ['0']
2025-07-08T08:20:21.031266-0400 | INFO | {
  "gsplat": {
    "0": {
      "sparse_from_colmap": {
        "__files__": [
          "points3D.ply",
          "images.txt",
          "cameras.txt",
          "points3D.txt"
        ]
      },
      "after_transform": {
        "__files__": [
          "points3D.bin",
          "points3D.ply",
          "images.txt",
          "cameras.bin",
          "images.bin",
          "cameras.txt",
          "points3D.txt"
        ]
      },
      "point_cloud": {
        "iteration_15000": {
          "__files__": [
            "point_cloud.splat",
            "point_cloud.ply"
          ]
        }
      },
      "__files__": [
        "input.ply",
        "exposure.json",
        "cfg_args",
        "cameras.json"
      ]
    }
  },
  "colmap": {
    "0": {
      "0_before_center": {
        "__files__": [
          "points3D.bin",
          "points3D.ply",
          "cameras.bin",
          "images.bin"
        ]
      },
      "sparse": {
        "__files__": [
          "points3D.bin",
          "points3D.ply",
          "images.txt",
          "cameras.bin",
          "images.bin",
          "points3D-before.txt",
          "points3D_with_normals.ply",
          "cameras.txt",
          "points3D.txt",
          "point_cloud.ply"
        ]
      },
      "masks": {},
      "0_before_filter": {
        "__files__": [
          "points3D.bin",
          "points3D.ply",
          "cameras.bin",
          "images.bin",
          "project.ini"
        ]
      },
      "images": {
        "__files__": [
          "1702524921328098.jpg",
          "1702524984169237.jpg",
          "1702525088985925.jpg",
          "1702525043572203.jpg",
          "1702525140640676.jpg",
          "1702525071091979.jpg",
          "1702525177289063.jpg",
          "1702524988234591.jpg",
          "1702524911752211.jpg",
          "1702525082676923.jpg",
          "1702525164842933.jpg",
          "1702524878379820.jpg",
          "1702525049641602.jpg",
          "1702525153856729.jpg",
          "1702525114936244.jpg",
          "1702525116438796.jpg",
          "1702524938514953.jpg",
          "1702525158971910.jpg",
          "1702525170116792.jpg",
          "1702525166138091.jpg",
          "1702525030451120.jpg",
          "1702525174949857.jpg",
          "1702525023107169.jpg",
          "1702524925670457.jpg",
          "1702525117205129.jpg",
          "1702525134292359.jpg",
          "1702524966883045.jpg",
          "1702525139864814.jpg",
          "1702525133037762.jpg",
          "1702525141241504.jpg",
          "1702525075511246.jpg",
          "1702525143812660.jpg",
          "1702524979822678.jpg",
          "1702524975827064.jpg",
          "1702525064085369.jpg",
          "1702525066467310.jpg",
          "1702525083443125.jpg",
          "1702524956374333.jpg",
          "1702524981765374.jpg",
          "1702524898869482.jpg",
          "1702524835000058.jpg",
          "1702524906784254.jpg",
          "1702525034961927.jpg",
          "1702525069673888.jpg",
          "1702525163187320.jpg",
          "1702524845652044.jpg",
          "1702525092679142.jpg",
          "1702525104615739.jpg",
          "1702525174136709.jpg",
          "1702524879431448.jpg",
          "1702524872892936.jpg",
          "1702524832863747.jpg",
          "1702525048442626.jpg",
          "1702525070427906.jpg",
          "1702524861629298.jpg",
          "1702524949314587.jpg",
          "1702524895669225.jpg",
          "1702525006052060.jpg",
          "1702525111722629.jpg",
          "1702525047561102.jpg",
          "1702524841133427.jpg",
          "1702525152188088.jpg",
          "1702524871833379.jpg",
          "1702525017890489.jpg",
          "1702525061550180.jpg",
          "1702524902578601.jpg",
          "1702525020347633.jpg",
          "1702525172612036.jpg",
          "1702524971489950.jpg",
          "1702524843375924.jpg",
          "1702525162431992.jpg",
          "1702524877174742.jpg",
          "1702524999389347.jpg",
          "1702525151062605.jpg",
          "1702525161672025.jpg",
          "1702524880770661.jpg",
          "1702524858959519.jpg",
          "1702525154758636.jpg",
          "1702524908211545.jpg",
          "1702525079013188.jpg",
          "1702525167628260.jpg",
          "1702525141998355.jpg",
          "1702525118780496.jpg",
          "1702525058270856.jpg",
          "1702525085710567.jpg",
          "1702524883854359.jpg",
          "1702525026556796.jpg",
          "1702524892125816.jpg",
          "1702525131720250.jpg",
          "1702525170869660.jpg",
          "1702525096002148.jpg",
          "1702525147529519.jpg",
          "1702525136858091.jpg",
          "1702525115682972.jpg",
          "1702525171877921.jpg",
          "1702525013029430.jpg",
          "1702524910182000.jpg",
          "1702524935383950.jpg",
          "1702525168406890.jpg",
          "1702524864264423.jpg",
          "1702524963010208.jpg",
          "1702524953501584.jpg",
          "1702524982526759.jpg",
          "1702525152956874.jpg",
          "1702525039559684.jpg",
          "1702525040260216.jpg",
          "1702524882315724.jpg",
          "1702525003663280.jpg",
          "1702525139128501.jpg",
          "1702524991093988.jpg",
          "1702525028580010.jpg",
          "1702525024521791.jpg",
          "1702524867940104.jpg",
          "1702524990363892.jpg",
          "1702525046826546.jpg",
          "1702525037624263.jpg",
          "1702524944758484.jpg",
          "1702524893732318.jpg",
          "1702525063185536.jpg",
          "1702525009447152.jpg",
          "1702525135436609.jpg",
          "1702525008394592.jpg",
          "1702525084211339.jpg",
          "1702525044329589.jpg",
          "1702525081940311.jpg",
          "1702525089751857.jpg",
          "1702524875738137.jpg",
          "1702525079897207.jpg",
          "1702524890566628.jpg",
          "1702524995009376.jpg",
          "1702525133666031.jpg",
          "1702525045067330.jpg",
          "1702524933948551.jpg",
          "1702525045824411.jpg",
          "1702524946291529.jpg",
          "1702525005324133.jpg",
          "1702525112668405.jpg",
          "1702525002406752.jpg",
          "1702525123403880.jpg",
          "1702525142783773.jpg",
          "1702524885498381.jpg",
          "1702525029347055.jpg",
          "1702525001560952.jpg",
          "1702525160089862.jpg",
          "1702525012287552.jpg",
          "1702524851051051.jpg",
          "1702524918931059.jpg",
          "1702524826759783.jpg",
          "1702524989236865.jpg",
          "1702524992838779.jpg",
          "1702525118005505.jpg",
          "1702524928040004.jpg",
          "1702525173369324.jpg",
          "1702524958232328.jpg",
          "1702524950190132.jpg",
          "1702525042073770.jpg",
          "1702525011158754.jpg",
          "1702525077171901.jpg",
          "1702525071831565.jpg",
          "1702525127336966.jpg",
          "1702525128050315.jpg",
          "1702524941120677.jpg",
          "1702525053749688.jpg",
          "1702525036897353.jpg",
          "1702525081177660.jpg",
          "1702525130832416.jpg",
          "1702524923606358.jpg",
          "1702525084967414.jpg",
          "1702525014863021.jpg",
          "1702524823859849.jpg",
          "1702524997623102.jpg",
          "1702525014131453.jpg",
          "1702524914452762.jpg",
          "1702524939719699.jpg",
          "1702525134834935.jpg",
          "1702525138361516.jpg",
          "1702525015622643.jpg",
          "1702525027817380.jpg",
          "1702525060630770.jpg",
          "1702525042819383.jpg",
          "1702525010294376.jpg",
          "1702525025266547.jpg",
          "1702525038625201.jpg",
          "1702524830494399.jpg",
          "1702524948566158.jpg",
          "1702524837334921.jpg",
          "1702525087320884.jpg",
          "1702525113411138.jpg",
          "1702525021905388.jpg",
          "1702524848346860.jpg",
          "1702525065161697.jpg",
          "1702525033184758.jpg",
          "1702525099337943.jpg",
          "1702525166873807.jpg",
          "1702525145413842.jpg",
          "1702525017132189.jpg",
          "1702525110153501.jpg",
          "1702524942492807.jpg",
          "1702525091619326.jpg",
          "1702524828764007.jpg",
          "1702525130073158.jpg",
          "1702525136103670.jpg",
          "1702524993897005.jpg",
          "1702525021137681.jpg",
          "1702525035722305.jpg",
          "1702525157474594.jpg",
          "1702524874439538.jpg",
          "1702524978993037.jpg",
          "1702524987508148.jpg",
          "1702524992002960.jpg",
          "1702524887083894.jpg",
          "1702525016366402.jpg",
          "1702525090851735.jpg",
          "1702525088249103.jpg",
          "1702525155828493.jpg",
          "1702525114178362.jpg",
          "1702525102356667.jpg",
          "1702525101508414.jpg",
          "1702525032423879.jpg",
          "1702524951329070.jpg",
          "1702525103122640.jpg",
          "1702524954972561.jpg",
          "1702524853694215.jpg",
          "1702524897199435.jpg",
          "1702525137598743.jpg",
          "1702525007667653.jpg",
          "1702525057154173.jpg"
        ]
      },
      "0": {
        "__files__": [
          "points3D.bin",
          "points3D.ply",
          "images.txt",
          "cameras.bin",
          "images.bin",
          "points3D-before.txt",
          "points3D_with_normals.ply",
          "cameras.txt",
          "points3D.txt",
          "point_cloud.ply"
        ]
      },
      "__files__": [
        "db.db"
      ]
    }
  },
  "images": {
    "__files__": [
      "1702524921328098.jpg",
      "1702524984169237.jpg",
      "1702525088985925.jpg",
      "1702525043572203.jpg",
      "1702525140640676.jpg",
      "1702525071091979.jpg",
      "1702525177289063.jpg",
      "1702524988234591.jpg",
      "1702524911752211.jpg",
      "1702525082676923.jpg",
      "1702525164842933.jpg",
      "1702524878379820.jpg",
      "1702525049641602.jpg",
      "1702525153856729.jpg",
      "1702525114936244.jpg",
      "1702525116438796.jpg",
      "1702524938514953.jpg",
      "1702525158971910.jpg",
      "1702525170116792.jpg",
      "1702525166138091.jpg",
      "1702525030451120.jpg",
      "1702525174949857.jpg",
      "1702525023107169.jpg",
      "1702524925670457.jpg",
      "1702525117205129.jpg",
      "1702525134292359.jpg",
      "1702524966883045.jpg",
      "1702525139864814.jpg",
      "1702525133037762.jpg",
      "1702525141241504.jpg",
      "1702525075511246.jpg",
      "1702525143812660.jpg",
      "1702524979822678.jpg",
      "1702524975827064.jpg",
      "1702525064085369.jpg",
      "1702525066467310.jpg",
      "1702525083443125.jpg",
      "1702524956374333.jpg",
      "1702524981765374.jpg",
      "1702524898869482.jpg",
      "1702524835000058.jpg",
      "1702524906784254.jpg",
      "1702525034961927.jpg",
      "1702525069673888.jpg",
      "1702525163187320.jpg",
      "1702524845652044.jpg",
      "1702525092679142.jpg",
      "1702525104615739.jpg",
      "1702525174136709.jpg",
      "1702524879431448.jpg",
      "1702524872892936.jpg",
      "1702524832863747.jpg",
      "1702525048442626.jpg",
      "1702525070427906.jpg",
      "1702524861629298.jpg",
      "1702524949314587.jpg",
      "1702524895669225.jpg",
      "1702525006052060.jpg",
      "1702525111722629.jpg",
      "1702525047561102.jpg",
      "1702524841133427.jpg",
      "1702525152188088.jpg",
      "1702524871833379.jpg",
      "1702525017890489.jpg",
      "1702525061550180.jpg",
      "1702524902578601.jpg",
      "1702525020347633.jpg",
      "1702525172612036.jpg",
      "1702524971489950.jpg",
      "1702524843375924.jpg",
      "1702525162431992.jpg",
      "1702524877174742.jpg",
      "1702524999389347.jpg",
      "1702525151062605.jpg",
      "1702525161672025.jpg",
      "1702524880770661.jpg",
      "1702524858959519.jpg",
      "1702525154758636.jpg",
      "1702524908211545.jpg",
      "1702525079013188.jpg",
      "1702525167628260.jpg",
      "1702525141998355.jpg",
      "1702525118780496.jpg",
      "1702525058270856.jpg",
      "1702525085710567.jpg",
      "1702524883854359.jpg",
      "1702525026556796.jpg",
      "1702524892125816.jpg",
      "1702525131720250.jpg",
      "1702525170869660.jpg",
      "1702525096002148.jpg",
      "1702525147529519.jpg",
      "1702525136858091.jpg",
      "1702525115682972.jpg",
      "1702525171877921.jpg",
      "1702525013029430.jpg",
      "1702524910182000.jpg",
      "1702524935383950.jpg",
      "1702525168406890.jpg",
      "1702524864264423.jpg",
      "1702524963010208.jpg",
      "1702524953501584.jpg",
      "1702524982526759.jpg",
      "1702525152956874.jpg",
      "1702525039559684.jpg",
      "1702525040260216.jpg",
      "1702524882315724.jpg",
      "1702525003663280.jpg",
      "1702525139128501.jpg",
      "1702524991093988.jpg",
      "1702525028580010.jpg",
      "1702525024521791.jpg",
      "1702524867940104.jpg",
      "1702524990363892.jpg",
      "1702525046826546.jpg",
      "1702525037624263.jpg",
      "1702524944758484.jpg",
      "1702524893732318.jpg",
      "1702525063185536.jpg",
      "1702525009447152.jpg",
      "1702525135436609.jpg",
      "1702525008394592.jpg",
      "1702525084211339.jpg",
      "1702525044329589.jpg",
      "1702525081940311.jpg",
      "1702525089751857.jpg",
      "1702524875738137.jpg",
      "1702525079897207.jpg",
      "1702524890566628.jpg",
      "1702524995009376.jpg",
      "1702525133666031.jpg",
      "1702525045067330.jpg",
      "1702524933948551.jpg",
      "1702525045824411.jpg",
      "1702524946291529.jpg",
      "1702525005324133.jpg",
      "1702525112668405.jpg",
      "1702525002406752.jpg",
      "1702525123403880.jpg",
      "1702525142783773.jpg",
      "1702524885498381.jpg",
      "1702525029347055.jpg",
      "1702525001560952.jpg",
      "1702525160089862.jpg",
      "1702525012287552.jpg",
      "1702524851051051.jpg",
      "1702524918931059.jpg",
      "1702524826759783.jpg",
      "1702524989236865.jpg",
      "1702524992838779.jpg",
      "1702525118005505.jpg",
      "1702524928040004.jpg",
      "1702525173369324.jpg",
      "1702524958232328.jpg",
      "1702524950190132.jpg",
      "1702525042073770.jpg",
      "1702525011158754.jpg",
      "1702525077171901.jpg",
      "1702525071831565.jpg",
      "1702525127336966.jpg",
      "1702525128050315.jpg",
      "1702524941120677.jpg",
      "1702525053749688.jpg",
      "1702525036897353.jpg",
      "1702525081177660.jpg",
      "1702525130832416.jpg",
      "1702524923606358.jpg",
      "1702525084967414.jpg",
      "1702525014863021.jpg",
      "1702524823859849.jpg",
      "1702524997623102.jpg",
      "1702525014131453.jpg",
      "1702524914452762.jpg",
      "1702524939719699.jpg",
      "1702525134834935.jpg",
      "1702525138361516.jpg",
      "1702525015622643.jpg",
      "1702525027817380.jpg",
      "1702525060630770.jpg",
      "1702525042819383.jpg",
      "1702525010294376.jpg",
      "1702525025266547.jpg",
      "1702525038625201.jpg",
      "1702524830494399.jpg",
      "1702524948566158.jpg",
      "1702524837334921.jpg",
      "1702525087320884.jpg",
      "1702525113411138.jpg",
      "1702525021905388.jpg",
      "1702524848346860.jpg",
      "1702525065161697.jpg",
      "1702525033184758.jpg",
      "1702525099337943.jpg",
      "1702525166873807.jpg",
      "1702525145413842.jpg",
      "1702525017132189.jpg",
      "1702525110153501.jpg",
      "1702524942492807.jpg",
      "1702525091619326.jpg",
      "1702524828764007.jpg",
      "1702525130073158.jpg",
      "1702525136103670.jpg",
      "1702524993897005.jpg",
      "1702525021137681.jpg",
      "1702525035722305.jpg",
      "1702525157474594.jpg",
      "1702524874439538.jpg",
      "1702524978993037.jpg",
      "1702524987508148.jpg",
      "1702524992002960.jpg",
      "1702524887083894.jpg",
      "1702525016366402.jpg",
      "1702525090851735.jpg",
      "1702525088249103.jpg",
      "1702525155828493.jpg",
      "1702525114178362.jpg",
      "1702525102356667.jpg",
      "1702525101508414.jpg",
      "1702525032423879.jpg",
      "1702524951329070.jpg",
      "1702525103122640.jpg",
      "1702524954972561.jpg",
      "1702524853694215.jpg",
      "1702524897199435.jpg",
      "1702525137598743.jpg",
      "1702525007667653.jpg",
      "1702525057154173.jpg"
    ]
  },
  "sources": {
    "__files__": [
      "Dec13at10-33PM-HanumanClose-poly-20250703T115334Z-1-001.zip",
      "hunaman.md"
    ]
  }
}
2025-07-08T08:20:21.031644-0400 | INFO | ['0']
2025-07-08T08:22:01.591793-0400 | INFO | ['0']
2025-07-08T08:29:24.278416-0400 | INFO | ['0']
2025-07-08T08:32:58.039015-0400 | INFO | ['0']
2025-07-08T08:34:50.564785-0400 | INFO | ['0']
2025-07-08T08:36:09.798990-0400 | INFO | ['0']
2025-07-08T10:27:28.620951-0400 | INFO | ['0']
2025-07-08T10:31:31.231517-0400 | INFO | ['0']
2025-07-08T11:50:34.080502-0400 | INFO | ['0']
2025-07-08T11:57:41.006598-0400 | INFO | ['0']
2025-07-08T11:58:36.293461-0400 | INFO | ['0']
2025-07-08T12:12:41.963167-0400 | INFO | ['0']
2025-07-08T12:27:40.846389-0400 | INFO | ['0']
